0 info it worked if it ends with ok
1 verbose cli [ 'C:\\Program Files\\nodejs\\node.exe',
1 verbose cli   'C:\\Program Files\\nodejs\\node_modules\\npm\\bin\\npm-cli.js',
1 verbose cli   'install',
1 verbose cli   'bcrypt',
1 verbose cli   '-save' ]
2 info using npm@3.3.6
3 info using node@v5.0.0
4 silly loadCurrentTree Starting
5 silly install loadCurrentTree
6 silly install readLocalPackageData
7 silly fetchPackageMetaData bcrypt
8 silly fetchNamedPackageData bcrypt
9 silly mapToRegistry name bcrypt
10 silly mapToRegistry using default registry
11 silly mapToRegistry registry https://registry.npmjs.org/
12 silly mapToRegistry uri https://registry.npmjs.org/bcrypt
13 verbose request uri https://registry.npmjs.org/bcrypt
14 verbose request no auth needed
15 info attempt registry request try #1 at 11:34:05 AM
16 verbose request id 2b1bebbcc0614aee
17 verbose etag "2VUYIPMRT8KEG0NE3MENVNAOP"
18 http request GET https://registry.npmjs.org/bcrypt
19 http 304 https://registry.npmjs.org/bcrypt
20 verbose headers { date: 'Thu, 28 Jul 2016 06:04:06 GMT',
20 verbose headers   via: '1.1 varnish',
20 verbose headers   'cache-control': 'max-age=300',
20 verbose headers   etag: '"2VUYIPMRT8KEG0NE3MENVNAOP"',
20 verbose headers   age: '108',
20 verbose headers   connection: 'keep-alive',
20 verbose headers   'x-served-by': 'cache-sin6926-SIN',
20 verbose headers   'x-cache': 'HIT',
20 verbose headers   'x-cache-hits': '13',
20 verbose headers   'x-timer': 'S1469685846.178947,VS0,VE0',
20 verbose headers   vary: 'Accept-Encoding' }
21 silly get cb [ 304,
21 silly get   { date: 'Thu, 28 Jul 2016 06:04:06 GMT',
21 silly get     via: '1.1 varnish',
21 silly get     'cache-control': 'max-age=300',
21 silly get     etag: '"2VUYIPMRT8KEG0NE3MENVNAOP"',
21 silly get     age: '108',
21 silly get     connection: 'keep-alive',
21 silly get     'x-served-by': 'cache-sin6926-SIN',
21 silly get     'x-cache': 'HIT',
21 silly get     'x-cache-hits': '13',
21 silly get     'x-timer': 'S1469685846.178947,VS0,VE0',
21 silly get     vary: 'Accept-Encoding' } ]
22 verbose etag https://registry.npmjs.org/bcrypt from cache
23 verbose get saving bcrypt to C:\Users\electrovese\AppData\Roaming\npm-cache\registry.npmjs.org\bcrypt\.cache.json
24 silly install normalizeTree
25 silly loadCurrentTree Finishing
26 silly loadIdealTree Starting
27 silly install loadIdealTree
28 silly cloneCurrentTree Starting
29 silly install cloneCurrentTreeToIdealTree
30 silly cloneCurrentTree Finishing
31 silly loadShrinkwrap Starting
32 silly install loadShrinkwrap
33 silly loadShrinkwrap Finishing
34 silly loadAllDepsIntoIdealTree Starting
35 silly install loadAllDepsIntoIdealTree
36 silly resolveWithNewModule bcrypt@0.8.7 checking installable status
37 silly cache add args [ 'bcrypt', null ]
38 verbose cache add spec bcrypt
39 silly cache add parsed spec Result {
39 silly cache add   raw: 'bcrypt',
39 silly cache add   scope: null,
39 silly cache add   name: 'bcrypt',
39 silly cache add   rawSpec: '',
39 silly cache add   spec: '*',
39 silly cache add   type: 'range' }
40 silly addNamed bcrypt@*
41 verbose addNamed "*" is a valid semver range for bcrypt
42 silly addNameRange { name: 'bcrypt', range: '*', hasData: false }
43 silly mapToRegistry name bcrypt
44 silly mapToRegistry using default registry
45 silly mapToRegistry registry https://registry.npmjs.org/
46 silly mapToRegistry uri https://registry.npmjs.org/bcrypt
47 verbose addNameRange registry:https://registry.npmjs.org/bcrypt not in flight; fetching
48 verbose get https://registry.npmjs.org/bcrypt not expired, no request
49 silly addNameRange number 2 { name: 'bcrypt', range: '*', hasData: true }
50 silly addNameRange versions [ 'bcrypt',
50 silly addNameRange   [ '0.1.2',
50 silly addNameRange     '0.2.0',
50 silly addNameRange     '0.2.1',
50 silly addNameRange     '0.1.3',
50 silly addNameRange     '0.2.2',
50 silly addNameRange     '0.2.3',
50 silly addNameRange     '0.2.4',
50 silly addNameRange     '0.3.0',
50 silly addNameRange     '0.3.1',
50 silly addNameRange     '0.3.2',
50 silly addNameRange     '0.4.0',
50 silly addNameRange     '0.4.1',
50 silly addNameRange     '0.5.0',
50 silly addNameRange     '0.6.0',
50 silly addNameRange     '0.7.0',
50 silly addNameRange     '0.7.1',
50 silly addNameRange     '0.7.2',
50 silly addNameRange     '0.7.3',
50 silly addNameRange     '0.7.4',
50 silly addNameRange     '0.7.5',
50 silly addNameRange     '0.7.6',
50 silly addNameRange     '0.7.7',
50 silly addNameRange     '0.7.8',
50 silly addNameRange     '0.8.0',
50 silly addNameRange     '0.8.1',
50 silly addNameRange     '0.8.2',
50 silly addNameRange     '0.8.3',
50 silly addNameRange     '0.8.4',
50 silly addNameRange     '0.8.5',
50 silly addNameRange     '0.8.6',
50 silly addNameRange     '0.8.7' ] ]
51 silly addNamed bcrypt@0.8.7
52 verbose addNamed "0.8.7" is a plain semver version for bcrypt
53 silly cache afterAdd bcrypt@0.8.7
54 verbose afterAdd C:\Users\electrovese\AppData\Roaming\npm-cache\bcrypt\0.8.7\package\package.json not in flight; writing
55 verbose afterAdd C:\Users\electrovese\AppData\Roaming\npm-cache\bcrypt\0.8.7\package\package.json written
56 silly fetchNamedPackageData bindings
57 silly mapToRegistry name bindings
58 silly mapToRegistry using default registry
59 silly mapToRegistry registry https://registry.npmjs.org/
60 silly mapToRegistry uri https://registry.npmjs.org/bindings
61 silly fetchNamedPackageData nan
62 silly mapToRegistry name nan
63 silly mapToRegistry using default registry
64 silly mapToRegistry registry https://registry.npmjs.org/
65 silly mapToRegistry uri https://registry.npmjs.org/nan
66 verbose request uri https://registry.npmjs.org/bindings
67 verbose request no auth needed
68 info attempt registry request try #1 at 11:34:06 AM
69 verbose etag "33TX4J3DNTGF7K41ZUV6OA182"
70 http request GET https://registry.npmjs.org/bindings
71 verbose request uri https://registry.npmjs.org/nan
72 verbose request no auth needed
73 info attempt registry request try #1 at 11:34:06 AM
74 verbose etag "2E1V908MEG33STFNV1760SLVP"
75 http request GET https://registry.npmjs.org/nan
76 http 304 https://registry.npmjs.org/bindings
77 verbose headers { date: 'Thu, 28 Jul 2016 06:04:06 GMT',
77 verbose headers   via: '1.1 varnish',
77 verbose headers   'cache-control': 'max-age=300',
77 verbose headers   etag: '"33TX4J3DNTGF7K41ZUV6OA182"',
77 verbose headers   age: '10',
77 verbose headers   connection: 'keep-alive',
77 verbose headers   'x-served-by': 'cache-sin6924-SIN',
77 verbose headers   'x-cache': 'HIT',
77 verbose headers   'x-cache-hits': '1',
77 verbose headers   'x-timer': 'S1469685846.823479,VS0,VE0',
77 verbose headers   vary: 'Accept-Encoding' }
78 silly get cb [ 304,
78 silly get   { date: 'Thu, 28 Jul 2016 06:04:06 GMT',
78 silly get     via: '1.1 varnish',
78 silly get     'cache-control': 'max-age=300',
78 silly get     etag: '"33TX4J3DNTGF7K41ZUV6OA182"',
78 silly get     age: '10',
78 silly get     connection: 'keep-alive',
78 silly get     'x-served-by': 'cache-sin6924-SIN',
78 silly get     'x-cache': 'HIT',
78 silly get     'x-cache-hits': '1',
78 silly get     'x-timer': 'S1469685846.823479,VS0,VE0',
78 silly get     vary: 'Accept-Encoding' } ]
79 verbose etag https://registry.npmjs.org/bindings from cache
80 verbose get saving bindings to C:\Users\electrovese\AppData\Roaming\npm-cache\registry.npmjs.org\bindings\.cache.json
81 silly resolveWithNewModule bindings@1.2.1 checking installable status
82 silly cache add args [ 'bindings@1.2.1', null ]
83 verbose cache add spec bindings@1.2.1
84 silly cache add parsed spec Result {
84 silly cache add   raw: 'bindings@1.2.1',
84 silly cache add   scope: null,
84 silly cache add   name: 'bindings',
84 silly cache add   rawSpec: '1.2.1',
84 silly cache add   spec: '1.2.1',
84 silly cache add   type: 'version' }
85 silly addNamed bindings@1.2.1
86 verbose addNamed "1.2.1" is a plain semver version for bindings
87 silly mapToRegistry name bindings
88 silly mapToRegistry using default registry
89 silly mapToRegistry registry https://registry.npmjs.org/
90 silly mapToRegistry uri https://registry.npmjs.org/bindings
91 verbose addNameVersion registry:https://registry.npmjs.org/bindings not in flight; fetching
92 verbose get https://registry.npmjs.org/bindings not expired, no request
93 silly cache afterAdd bindings@1.2.1
94 verbose afterAdd C:\Users\electrovese\AppData\Roaming\npm-cache\bindings\1.2.1\package\package.json not in flight; writing
95 verbose afterAdd C:\Users\electrovese\AppData\Roaming\npm-cache\bindings\1.2.1\package\package.json written
96 http 200 https://registry.npmjs.org/nan
97 verbose headers { server: 'CouchDB/1.5.0 (Erlang OTP/R16B03)',
97 verbose headers   etag: '"EGTR1APXEV7TH8V3QYT0WN357"',
97 verbose headers   'content-type': 'application/json',
97 verbose headers   'content-encoding': 'gzip',
97 verbose headers   'cache-control': 'max-age=300',
97 verbose headers   'content-length': '17198',
97 verbose headers   'accept-ranges': 'bytes',
97 verbose headers   date: 'Thu, 28 Jul 2016 06:04:06 GMT',
97 verbose headers   via: '1.1 varnish',
97 verbose headers   age: '284',
97 verbose headers   connection: 'keep-alive',
97 verbose headers   'x-served-by': 'cache-sin6921-SIN',
97 verbose headers   'x-cache': 'HIT',
97 verbose headers   'x-cache-hits': '138',
97 verbose headers   'x-timer': 'S1469685846.832449,VS0,VE0',
97 verbose headers   vary: 'Accept-Encoding' }
98 silly get cb [ 200,
98 silly get   { server: 'CouchDB/1.5.0 (Erlang OTP/R16B03)',
98 silly get     etag: '"EGTR1APXEV7TH8V3QYT0WN357"',
98 silly get     'content-type': 'application/json',
98 silly get     'content-encoding': 'gzip',
98 silly get     'cache-control': 'max-age=300',
98 silly get     'content-length': '17198',
98 silly get     'accept-ranges': 'bytes',
98 silly get     date: 'Thu, 28 Jul 2016 06:04:06 GMT',
98 silly get     via: '1.1 varnish',
98 silly get     age: '284',
98 silly get     connection: 'keep-alive',
98 silly get     'x-served-by': 'cache-sin6921-SIN',
98 silly get     'x-cache': 'HIT',
98 silly get     'x-cache-hits': '138',
98 silly get     'x-timer': 'S1469685846.832449,VS0,VE0',
98 silly get     vary: 'Accept-Encoding' } ]
99 verbose get saving nan to C:\Users\electrovese\AppData\Roaming\npm-cache\registry.npmjs.org\nan\.cache.json
100 silly resolveWithNewModule nan@2.3.5 checking installable status
101 silly cache add args [ 'nan@2.3.5', null ]
102 verbose cache add spec nan@2.3.5
103 silly cache add parsed spec Result {
103 silly cache add   raw: 'nan@2.3.5',
103 silly cache add   scope: null,
103 silly cache add   name: 'nan',
103 silly cache add   rawSpec: '2.3.5',
103 silly cache add   spec: '2.3.5',
103 silly cache add   type: 'version' }
104 silly addNamed nan@2.3.5
105 verbose addNamed "2.3.5" is a plain semver version for nan
106 silly mapToRegistry name nan
107 silly mapToRegistry using default registry
108 silly mapToRegistry registry https://registry.npmjs.org/
109 silly mapToRegistry uri https://registry.npmjs.org/nan
110 verbose addNameVersion registry:https://registry.npmjs.org/nan not in flight; fetching
111 verbose get https://registry.npmjs.org/nan not expired, no request
112 silly cache afterAdd nan@2.3.5
113 verbose afterAdd C:\Users\electrovese\AppData\Roaming\npm-cache\nan\2.3.5\package\package.json not in flight; writing
114 verbose afterAdd C:\Users\electrovese\AppData\Roaming\npm-cache\nan\2.3.5\package\package.json written
115 silly loadAllDepsIntoIdealTree Finishing
116 silly idealTree:prePrune authtry@0.0.0
116 silly idealTree:prePrune ├── accepts@1.2.13
116 silly idealTree:prePrune ├── acorn-globals@1.0.9
116 silly idealTree:prePrune ├── acorn@2.7.0
116 silly idealTree:prePrune ├── align-text@0.1.4
116 silly idealTree:prePrune ├── amdefine@1.0.0
116 silly idealTree:prePrune ├── array-flatten@1.1.1
116 silly idealTree:prePrune ├── asap@1.0.0
116 silly idealTree:prePrune ├── async@0.2.10
116 silly idealTree:prePrune ├── base64-url@1.3.2
116 silly idealTree:prePrune ├── base64url@1.0.6
116 silly idealTree:prePrune ├── basic-auth@1.0.4
116 silly idealTree:prePrune ├── bcrypt-nodejs@0.0.3
116 silly idealTree:prePrune ├── bcrypt@0.8.7
116 silly idealTree:prePrune ├── bindings@1.2.1
116 silly idealTree:prePrune ├── bluebird@2.10.2
116 silly idealTree:prePrune ├── body-parser@1.15.2
116 silly idealTree:prePrune ├── bson@0.4.23
116 silly idealTree:prePrune ├── buffer-equal-constant-time@1.0.1
116 silly idealTree:prePrune ├── bytes@2.4.0
116 silly idealTree:prePrune ├── camelcase-keys@1.0.0
116 silly idealTree:prePrune ├── camelcase@1.2.1
116 silly idealTree:prePrune ├── center-align@0.1.3
116 silly idealTree:prePrune ├── character-parser@1.2.1
116 silly idealTree:prePrune ├─┬ clean-css@3.4.19
116 silly idealTree:prePrune │ └── commander@2.8.1
116 silly idealTree:prePrune ├─┬ cliui@2.1.0
116 silly idealTree:prePrune │ └── wordwrap@0.0.2
116 silly idealTree:prePrune ├── commander@2.6.0
116 silly idealTree:prePrune ├─┬ concat-stream@1.4.10
116 silly idealTree:prePrune │ └── readable-stream@1.1.14
116 silly idealTree:prePrune ├── constantinople@3.0.2
116 silly idealTree:prePrune ├── content-disposition@0.5.1
116 silly idealTree:prePrune ├── content-type@1.0.2
116 silly idealTree:prePrune ├── cookie-parser@1.4.3
116 silly idealTree:prePrune ├── cookie-signature@1.0.6
116 silly idealTree:prePrune ├── cookie@0.3.1
116 silly idealTree:prePrune ├── core-util-is@1.0.2
116 silly idealTree:prePrune ├── css-parse@1.0.4
116 silly idealTree:prePrune ├── css-stringify@1.0.5
116 silly idealTree:prePrune ├── css@1.0.8
116 silly idealTree:prePrune ├── debug@2.2.0
116 silly idealTree:prePrune ├── decamelize@1.2.0
116 silly idealTree:prePrune ├── depd@1.1.0
116 silly idealTree:prePrune ├── destroy@1.0.4
116 silly idealTree:prePrune ├── ecdsa-sig-formatter@1.0.7
116 silly idealTree:prePrune ├── ee-first@1.1.1
116 silly idealTree:prePrune ├── es6-promise@3.0.2
116 silly idealTree:prePrune ├── escape-html@1.0.3
116 silly idealTree:prePrune ├── etag@1.7.0
116 silly idealTree:prePrune ├─┬ express@4.13.4
116 silly idealTree:prePrune │ ├── cookie@0.1.5
116 silly idealTree:prePrune │ └── qs@4.0.0
116 silly idealTree:prePrune ├── finalhandler@0.4.1
116 silly idealTree:prePrune ├── forwarded@0.1.0
116 silly idealTree:prePrune ├── fresh@0.3.0
116 silly idealTree:prePrune ├── get-stdin@4.0.1
116 silly idealTree:prePrune ├── graceful-readlink@1.0.1
116 silly idealTree:prePrune ├── hooks-fixed@1.2.0
116 silly idealTree:prePrune ├── http-errors@1.5.0
116 silly idealTree:prePrune ├── iconv-lite@0.4.13
116 silly idealTree:prePrune ├─┬ indent-string@1.2.2
116 silly idealTree:prePrune │ └── minimist@1.2.0
116 silly idealTree:prePrune ├── inherits@2.0.1
116 silly idealTree:prePrune ├── ipaddr.js@1.0.5
116 silly idealTree:prePrune ├── is-buffer@1.1.3
116 silly idealTree:prePrune ├── is-finite@1.0.1
116 silly idealTree:prePrune ├── is-promise@2.1.0
116 silly idealTree:prePrune ├── isarray@0.0.1
116 silly idealTree:prePrune ├── jade@1.11.0
116 silly idealTree:prePrune ├── jsonwebtoken@5.7.0
116 silly idealTree:prePrune ├── jstransformer@0.0.2
116 silly idealTree:prePrune ├── jwa@1.1.3
116 silly idealTree:prePrune ├── jws@3.1.3
116 silly idealTree:prePrune ├── jwt-simple@0.5.0
116 silly idealTree:prePrune ├── kareem@1.1.3
116 silly idealTree:prePrune ├── kind-of@3.0.3
116 silly idealTree:prePrune ├── lazy-cache@1.0.4
116 silly idealTree:prePrune ├── longest@1.0.1
116 silly idealTree:prePrune ├── map-obj@1.0.1
116 silly idealTree:prePrune ├── media-typer@0.3.0
116 silly idealTree:prePrune ├─┬ meow@2.0.0
116 silly idealTree:prePrune │ └── minimist@1.2.0
116 silly idealTree:prePrune ├── merge-descriptors@1.0.1
116 silly idealTree:prePrune ├── methods@1.1.2
116 silly idealTree:prePrune ├── mime-db@1.23.0
116 silly idealTree:prePrune ├── mime-types@2.1.11
116 silly idealTree:prePrune ├── mime@1.3.4
116 silly idealTree:prePrune ├── minimist@0.0.8
116 silly idealTree:prePrune ├── mkdirp@0.5.1
116 silly idealTree:prePrune ├── mongodb-core@1.3.18
116 silly idealTree:prePrune ├── mongodb@2.1.18
116 silly idealTree:prePrune ├─┬ mongoose@4.5.7
116 silly idealTree:prePrune │ └── async@1.5.2
116 silly idealTree:prePrune ├── morgan@1.7.0
116 silly idealTree:prePrune ├── mpath@0.2.1
116 silly idealTree:prePrune ├── mpromise@0.5.5
116 silly idealTree:prePrune ├─┬ mquery@1.11.0
116 silly idealTree:prePrune │ └── sliced@0.0.5
116 silly idealTree:prePrune ├── ms@0.7.1
116 silly idealTree:prePrune ├── muri@1.1.0
116 silly idealTree:prePrune ├── nan@2.3.5
116 silly idealTree:prePrune ├── negotiator@0.5.3
116 silly idealTree:prePrune ├── number-is-nan@1.0.0
116 silly idealTree:prePrune ├── object-assign@1.0.0
116 silly idealTree:prePrune ├── on-finished@2.3.0
116 silly idealTree:prePrune ├── on-headers@1.0.1
116 silly idealTree:prePrune ├── optimist@0.3.7
116 silly idealTree:prePrune ├── parseurl@1.3.1
116 silly idealTree:prePrune ├── passport-jwt@2.1.0
116 silly idealTree:prePrune ├── passport-strategy@1.0.0
116 silly idealTree:prePrune ├── passport@0.3.2
116 silly idealTree:prePrune ├── path-to-regexp@0.1.7
116 silly idealTree:prePrune ├── pause@0.0.1
116 silly idealTree:prePrune ├── promise@6.1.0
116 silly idealTree:prePrune ├── proxy-addr@1.0.10
116 silly idealTree:prePrune ├── qs@6.2.0
116 silly idealTree:prePrune ├── range-parser@1.0.3
116 silly idealTree:prePrune ├── raw-body@2.1.7
116 silly idealTree:prePrune ├── readable-stream@1.0.31
116 silly idealTree:prePrune ├── regexp-clone@0.0.1
116 silly idealTree:prePrune ├── repeat-string@1.5.4
116 silly idealTree:prePrune ├── repeating@1.1.3
116 silly idealTree:prePrune ├── require_optional@1.0.0
116 silly idealTree:prePrune ├── resolve-from@2.0.0
116 silly idealTree:prePrune ├── right-align@0.1.3
116 silly idealTree:prePrune ├── semver@5.3.0
116 silly idealTree:prePrune ├─┬ send@0.13.1
116 silly idealTree:prePrune │ ├── http-errors@1.3.1
116 silly idealTree:prePrune │ └── statuses@1.2.1
116 silly idealTree:prePrune ├── serve-favicon@2.3.0
116 silly idealTree:prePrune ├─┬ serve-static@1.10.3
116 silly idealTree:prePrune │ ├── http-errors@1.3.1
116 silly idealTree:prePrune │ ├── send@0.13.2
116 silly idealTree:prePrune │ └── statuses@1.2.1
116 silly idealTree:prePrune ├── setprototypeof@1.0.1
116 silly idealTree:prePrune ├── sliced@1.0.1
116 silly idealTree:prePrune ├── source-map@0.4.4
116 silly idealTree:prePrune ├── statuses@1.3.0
116 silly idealTree:prePrune ├── string_decoder@0.10.31
116 silly idealTree:prePrune ├─┬ transformers@2.1.0
116 silly idealTree:prePrune │ ├── is-promise@1.0.1
116 silly idealTree:prePrune │ ├── promise@2.0.0
116 silly idealTree:prePrune │ ├── source-map@0.1.43
116 silly idealTree:prePrune │ └── uglify-js@2.2.5
116 silly idealTree:prePrune ├── type-is@1.6.13
116 silly idealTree:prePrune ├── typedarray@0.0.6
116 silly idealTree:prePrune ├─┬ uglify-js@2.7.0
116 silly idealTree:prePrune │ └── source-map@0.5.6
116 silly idealTree:prePrune ├── uglify-to-browserify@1.0.2
116 silly idealTree:prePrune ├── unpipe@1.0.0
116 silly idealTree:prePrune ├── utils-merge@1.0.0
116 silly idealTree:prePrune ├── vary@1.0.1
116 silly idealTree:prePrune ├── void-elements@2.0.1
116 silly idealTree:prePrune ├── window-size@0.1.0
116 silly idealTree:prePrune ├─┬ with@4.0.3
116 silly idealTree:prePrune │ └── acorn@1.2.2
116 silly idealTree:prePrune ├── wordwrap@0.0.3
116 silly idealTree:prePrune ├── xtend@4.0.1
116 silly idealTree:prePrune └── yargs@3.10.0
117 silly loadIdealTree Finishing
118 silly currentTree authtry@0.0.0
118 silly currentTree ├── accepts@1.2.13
118 silly currentTree ├── acorn-globals@1.0.9
118 silly currentTree ├── acorn@2.7.0
118 silly currentTree ├── align-text@0.1.4
118 silly currentTree ├── amdefine@1.0.0
118 silly currentTree ├── array-flatten@1.1.1
118 silly currentTree ├── asap@1.0.0
118 silly currentTree ├── async@0.2.10
118 silly currentTree ├── base64-url@1.3.2
118 silly currentTree ├── base64url@1.0.6
118 silly currentTree ├── basic-auth@1.0.4
118 silly currentTree ├── bcrypt-nodejs@0.0.3
118 silly currentTree ├── bluebird@2.10.2
118 silly currentTree ├── body-parser@1.15.2
118 silly currentTree ├── bson@0.4.23
118 silly currentTree ├── buffer-equal-constant-time@1.0.1
118 silly currentTree ├── bytes@2.4.0
118 silly currentTree ├── camelcase-keys@1.0.0
118 silly currentTree ├── camelcase@1.2.1
118 silly currentTree ├── center-align@0.1.3
118 silly currentTree ├── character-parser@1.2.1
118 silly currentTree ├─┬ clean-css@3.4.19
118 silly currentTree │ └── commander@2.8.1
118 silly currentTree ├─┬ cliui@2.1.0
118 silly currentTree │ └── wordwrap@0.0.2
118 silly currentTree ├── commander@2.6.0
118 silly currentTree ├─┬ concat-stream@1.4.10
118 silly currentTree │ └── readable-stream@1.1.14
118 silly currentTree ├── constantinople@3.0.2
118 silly currentTree ├── content-disposition@0.5.1
118 silly currentTree ├── content-type@1.0.2
118 silly currentTree ├── cookie-parser@1.4.3
118 silly currentTree ├── cookie-signature@1.0.6
118 silly currentTree ├── cookie@0.3.1
118 silly currentTree ├── core-util-is@1.0.2
118 silly currentTree ├── css-parse@1.0.4
118 silly currentTree ├── css-stringify@1.0.5
118 silly currentTree ├── css@1.0.8
118 silly currentTree ├── debug@2.2.0
118 silly currentTree ├── decamelize@1.2.0
118 silly currentTree ├── depd@1.1.0
118 silly currentTree ├── destroy@1.0.4
118 silly currentTree ├── ecdsa-sig-formatter@1.0.7
118 silly currentTree ├── ee-first@1.1.1
118 silly currentTree ├── es6-promise@3.0.2
118 silly currentTree ├── escape-html@1.0.3
118 silly currentTree ├── etag@1.7.0
118 silly currentTree ├─┬ express@4.13.4
118 silly currentTree │ ├── cookie@0.1.5
118 silly currentTree │ └── qs@4.0.0
118 silly currentTree ├── finalhandler@0.4.1
118 silly currentTree ├── forwarded@0.1.0
118 silly currentTree ├── fresh@0.3.0
118 silly currentTree ├── get-stdin@4.0.1
118 silly currentTree ├── graceful-readlink@1.0.1
118 silly currentTree ├── hooks-fixed@1.2.0
118 silly currentTree ├── http-errors@1.5.0
118 silly currentTree ├── iconv-lite@0.4.13
118 silly currentTree ├─┬ indent-string@1.2.2
118 silly currentTree │ └── minimist@1.2.0
118 silly currentTree ├── inherits@2.0.1
118 silly currentTree ├── ipaddr.js@1.0.5
118 silly currentTree ├── is-buffer@1.1.3
118 silly currentTree ├── is-finite@1.0.1
118 silly currentTree ├── is-promise@2.1.0
118 silly currentTree ├── isarray@0.0.1
118 silly currentTree ├── jade@1.11.0
118 silly currentTree ├── jsonwebtoken@5.7.0
118 silly currentTree ├── jstransformer@0.0.2
118 silly currentTree ├── jwa@1.1.3
118 silly currentTree ├── jws@3.1.3
118 silly currentTree ├── jwt-simple@0.5.0
118 silly currentTree ├── kareem@1.1.3
118 silly currentTree ├── kind-of@3.0.3
118 silly currentTree ├── lazy-cache@1.0.4
118 silly currentTree ├── longest@1.0.1
118 silly currentTree ├── map-obj@1.0.1
118 silly currentTree ├── media-typer@0.3.0
118 silly currentTree ├─┬ meow@2.0.0
118 silly currentTree │ └── minimist@1.2.0
118 silly currentTree ├── merge-descriptors@1.0.1
118 silly currentTree ├── methods@1.1.2
118 silly currentTree ├── mime-db@1.23.0
118 silly currentTree ├── mime-types@2.1.11
118 silly currentTree ├── mime@1.3.4
118 silly currentTree ├── minimist@0.0.8
118 silly currentTree ├── mkdirp@0.5.1
118 silly currentTree ├── mongodb-core@1.3.18
118 silly currentTree ├── mongodb@2.1.18
118 silly currentTree ├─┬ mongoose@4.5.7
118 silly currentTree │ └── async@1.5.2
118 silly currentTree ├── morgan@1.7.0
118 silly currentTree ├── mpath@0.2.1
118 silly currentTree ├── mpromise@0.5.5
118 silly currentTree ├─┬ mquery@1.11.0
118 silly currentTree │ └── sliced@0.0.5
118 silly currentTree ├── ms@0.7.1
118 silly currentTree ├── muri@1.1.0
118 silly currentTree ├── negotiator@0.5.3
118 silly currentTree ├── number-is-nan@1.0.0
118 silly currentTree ├── object-assign@1.0.0
118 silly currentTree ├── on-finished@2.3.0
118 silly currentTree ├── on-headers@1.0.1
118 silly currentTree ├── optimist@0.3.7
118 silly currentTree ├── parseurl@1.3.1
118 silly currentTree ├── passport-jwt@2.1.0
118 silly currentTree ├── passport-strategy@1.0.0
118 silly currentTree ├── passport@0.3.2
118 silly currentTree ├── path-to-regexp@0.1.7
118 silly currentTree ├── pause@0.0.1
118 silly currentTree ├── promise@6.1.0
118 silly currentTree ├── proxy-addr@1.0.10
118 silly currentTree ├── qs@6.2.0
118 silly currentTree ├── range-parser@1.0.3
118 silly currentTree ├── raw-body@2.1.7
118 silly currentTree ├── readable-stream@1.0.31
118 silly currentTree ├── regexp-clone@0.0.1
118 silly currentTree ├── repeat-string@1.5.4
118 silly currentTree ├── repeating@1.1.3
118 silly currentTree ├── require_optional@1.0.0
118 silly currentTree ├── resolve-from@2.0.0
118 silly currentTree ├── right-align@0.1.3
118 silly currentTree ├── semver@5.3.0
118 silly currentTree ├─┬ send@0.13.1
118 silly currentTree │ ├── http-errors@1.3.1
118 silly currentTree │ └── statuses@1.2.1
118 silly currentTree ├── serve-favicon@2.3.0
118 silly currentTree ├─┬ serve-static@1.10.3
118 silly currentTree │ ├── http-errors@1.3.1
118 silly currentTree │ ├── send@0.13.2
118 silly currentTree │ └── statuses@1.2.1
118 silly currentTree ├── setprototypeof@1.0.1
118 silly currentTree ├── sliced@1.0.1
118 silly currentTree ├── source-map@0.4.4
118 silly currentTree ├── statuses@1.3.0
118 silly currentTree ├── string_decoder@0.10.31
118 silly currentTree ├─┬ transformers@2.1.0
118 silly currentTree │ ├── is-promise@1.0.1
118 silly currentTree │ ├── promise@2.0.0
118 silly currentTree │ ├── source-map@0.1.43
118 silly currentTree │ └── uglify-js@2.2.5
118 silly currentTree ├── type-is@1.6.13
118 silly currentTree ├── typedarray@0.0.6
118 silly currentTree ├─┬ uglify-js@2.7.0
118 silly currentTree │ └── source-map@0.5.6
118 silly currentTree ├── uglify-to-browserify@1.0.2
118 silly currentTree ├── unpipe@1.0.0
118 silly currentTree ├── utils-merge@1.0.0
118 silly currentTree ├── vary@1.0.1
118 silly currentTree ├── void-elements@2.0.1
118 silly currentTree ├── window-size@0.1.0
118 silly currentTree ├─┬ with@4.0.3
118 silly currentTree │ └── acorn@1.2.2
118 silly currentTree ├── wordwrap@0.0.3
118 silly currentTree ├── xtend@4.0.1
118 silly currentTree └── yargs@3.10.0
119 silly idealTree authtry@0.0.0
119 silly idealTree ├── accepts@1.2.13
119 silly idealTree ├── acorn-globals@1.0.9
119 silly idealTree ├── acorn@2.7.0
119 silly idealTree ├── align-text@0.1.4
119 silly idealTree ├── amdefine@1.0.0
119 silly idealTree ├── array-flatten@1.1.1
119 silly idealTree ├── asap@1.0.0
119 silly idealTree ├── async@0.2.10
119 silly idealTree ├── base64-url@1.3.2
119 silly idealTree ├── base64url@1.0.6
119 silly idealTree ├── basic-auth@1.0.4
119 silly idealTree ├── bcrypt-nodejs@0.0.3
119 silly idealTree ├── bcrypt@0.8.7
119 silly idealTree ├── bindings@1.2.1
119 silly idealTree ├── bluebird@2.10.2
119 silly idealTree ├── body-parser@1.15.2
119 silly idealTree ├── bson@0.4.23
119 silly idealTree ├── buffer-equal-constant-time@1.0.1
119 silly idealTree ├── bytes@2.4.0
119 silly idealTree ├── camelcase-keys@1.0.0
119 silly idealTree ├── camelcase@1.2.1
119 silly idealTree ├── center-align@0.1.3
119 silly idealTree ├── character-parser@1.2.1
119 silly idealTree ├─┬ clean-css@3.4.19
119 silly idealTree │ └── commander@2.8.1
119 silly idealTree ├─┬ cliui@2.1.0
119 silly idealTree │ └── wordwrap@0.0.2
119 silly idealTree ├── commander@2.6.0
119 silly idealTree ├─┬ concat-stream@1.4.10
119 silly idealTree │ └── readable-stream@1.1.14
119 silly idealTree ├── constantinople@3.0.2
119 silly idealTree ├── content-disposition@0.5.1
119 silly idealTree ├── content-type@1.0.2
119 silly idealTree ├── cookie-parser@1.4.3
119 silly idealTree ├── cookie-signature@1.0.6
119 silly idealTree ├── cookie@0.3.1
119 silly idealTree ├── core-util-is@1.0.2
119 silly idealTree ├── css-parse@1.0.4
119 silly idealTree ├── css-stringify@1.0.5
119 silly idealTree ├── css@1.0.8
119 silly idealTree ├── debug@2.2.0
119 silly idealTree ├── decamelize@1.2.0
119 silly idealTree ├── depd@1.1.0
119 silly idealTree ├── destroy@1.0.4
119 silly idealTree ├── ecdsa-sig-formatter@1.0.7
119 silly idealTree ├── ee-first@1.1.1
119 silly idealTree ├── es6-promise@3.0.2
119 silly idealTree ├── escape-html@1.0.3
119 silly idealTree ├── etag@1.7.0
119 silly idealTree ├─┬ express@4.13.4
119 silly idealTree │ ├── cookie@0.1.5
119 silly idealTree │ └── qs@4.0.0
119 silly idealTree ├── finalhandler@0.4.1
119 silly idealTree ├── forwarded@0.1.0
119 silly idealTree ├── fresh@0.3.0
119 silly idealTree ├── get-stdin@4.0.1
119 silly idealTree ├── graceful-readlink@1.0.1
119 silly idealTree ├── hooks-fixed@1.2.0
119 silly idealTree ├── http-errors@1.5.0
119 silly idealTree ├── iconv-lite@0.4.13
119 silly idealTree ├─┬ indent-string@1.2.2
119 silly idealTree │ └── minimist@1.2.0
119 silly idealTree ├── inherits@2.0.1
119 silly idealTree ├── ipaddr.js@1.0.5
119 silly idealTree ├── is-buffer@1.1.3
119 silly idealTree ├── is-finite@1.0.1
119 silly idealTree ├── is-promise@2.1.0
119 silly idealTree ├── isarray@0.0.1
119 silly idealTree ├── jade@1.11.0
119 silly idealTree ├── jsonwebtoken@5.7.0
119 silly idealTree ├── jstransformer@0.0.2
119 silly idealTree ├── jwa@1.1.3
119 silly idealTree ├── jws@3.1.3
119 silly idealTree ├── jwt-simple@0.5.0
119 silly idealTree ├── kareem@1.1.3
119 silly idealTree ├── kind-of@3.0.3
119 silly idealTree ├── lazy-cache@1.0.4
119 silly idealTree ├── longest@1.0.1
119 silly idealTree ├── map-obj@1.0.1
119 silly idealTree ├── media-typer@0.3.0
119 silly idealTree ├─┬ meow@2.0.0
119 silly idealTree │ └── minimist@1.2.0
119 silly idealTree ├── merge-descriptors@1.0.1
119 silly idealTree ├── methods@1.1.2
119 silly idealTree ├── mime-db@1.23.0
119 silly idealTree ├── mime-types@2.1.11
119 silly idealTree ├── mime@1.3.4
119 silly idealTree ├── minimist@0.0.8
119 silly idealTree ├── mkdirp@0.5.1
119 silly idealTree ├── mongodb-core@1.3.18
119 silly idealTree ├── mongodb@2.1.18
119 silly idealTree ├─┬ mongoose@4.5.7
119 silly idealTree │ └── async@1.5.2
119 silly idealTree ├── morgan@1.7.0
119 silly idealTree ├── mpath@0.2.1
119 silly idealTree ├── mpromise@0.5.5
119 silly idealTree ├─┬ mquery@1.11.0
119 silly idealTree │ └── sliced@0.0.5
119 silly idealTree ├── ms@0.7.1
119 silly idealTree ├── muri@1.1.0
119 silly idealTree ├── nan@2.3.5
119 silly idealTree ├── negotiator@0.5.3
119 silly idealTree ├── number-is-nan@1.0.0
119 silly idealTree ├── object-assign@1.0.0
119 silly idealTree ├── on-finished@2.3.0
119 silly idealTree ├── on-headers@1.0.1
119 silly idealTree ├── optimist@0.3.7
119 silly idealTree ├── parseurl@1.3.1
119 silly idealTree ├── passport-jwt@2.1.0
119 silly idealTree ├── passport-strategy@1.0.0
119 silly idealTree ├── passport@0.3.2
119 silly idealTree ├── path-to-regexp@0.1.7
119 silly idealTree ├── pause@0.0.1
119 silly idealTree ├── promise@6.1.0
119 silly idealTree ├── proxy-addr@1.0.10
119 silly idealTree ├── qs@6.2.0
119 silly idealTree ├── range-parser@1.0.3
119 silly idealTree ├── raw-body@2.1.7
119 silly idealTree ├── readable-stream@1.0.31
119 silly idealTree ├── regexp-clone@0.0.1
119 silly idealTree ├── repeat-string@1.5.4
119 silly idealTree ├── repeating@1.1.3
119 silly idealTree ├── require_optional@1.0.0
119 silly idealTree ├── resolve-from@2.0.0
119 silly idealTree ├── right-align@0.1.3
119 silly idealTree ├── semver@5.3.0
119 silly idealTree ├─┬ send@0.13.1
119 silly idealTree │ ├── http-errors@1.3.1
119 silly idealTree │ └── statuses@1.2.1
119 silly idealTree ├── serve-favicon@2.3.0
119 silly idealTree ├─┬ serve-static@1.10.3
119 silly idealTree │ ├── http-errors@1.3.1
119 silly idealTree │ ├── send@0.13.2
119 silly idealTree │ └── statuses@1.2.1
119 silly idealTree ├── setprototypeof@1.0.1
119 silly idealTree ├── sliced@1.0.1
119 silly idealTree ├── source-map@0.4.4
119 silly idealTree ├── statuses@1.3.0
119 silly idealTree ├── string_decoder@0.10.31
119 silly idealTree ├─┬ transformers@2.1.0
119 silly idealTree │ ├── is-promise@1.0.1
119 silly idealTree │ ├── promise@2.0.0
119 silly idealTree │ ├── source-map@0.1.43
119 silly idealTree │ └── uglify-js@2.2.5
119 silly idealTree ├── type-is@1.6.13
119 silly idealTree ├── typedarray@0.0.6
119 silly idealTree ├─┬ uglify-js@2.7.0
119 silly idealTree │ └── source-map@0.5.6
119 silly idealTree ├── uglify-to-browserify@1.0.2
119 silly idealTree ├── unpipe@1.0.0
119 silly idealTree ├── utils-merge@1.0.0
119 silly idealTree ├── vary@1.0.1
119 silly idealTree ├── void-elements@2.0.1
119 silly idealTree ├── window-size@0.1.0
119 silly idealTree ├─┬ with@4.0.3
119 silly idealTree │ └── acorn@1.2.2
119 silly idealTree ├── wordwrap@0.0.3
119 silly idealTree ├── xtend@4.0.1
119 silly idealTree └── yargs@3.10.0
120 silly generateActionsToTake Starting
121 silly install generateActionsToTake
122 silly generateActionsToTake Finishing
123 silly diffTrees action count 3
124 silly diffTrees add bindings@1.2.1
125 silly diffTrees add nan@2.3.5
126 silly diffTrees add bcrypt@0.8.7
127 silly decomposeActions action count 24
128 silly decomposeActions fetch bindings@1.2.1
129 silly decomposeActions extract bindings@1.2.1
130 silly decomposeActions preinstall bindings@1.2.1
131 silly decomposeActions build bindings@1.2.1
132 silly decomposeActions install bindings@1.2.1
133 silly decomposeActions postinstall bindings@1.2.1
134 silly decomposeActions test bindings@1.2.1
135 silly decomposeActions finalize bindings@1.2.1
136 silly decomposeActions fetch nan@2.3.5
137 silly decomposeActions extract nan@2.3.5
138 silly decomposeActions preinstall nan@2.3.5
139 silly decomposeActions build nan@2.3.5
140 silly decomposeActions install nan@2.3.5
141 silly decomposeActions postinstall nan@2.3.5
142 silly decomposeActions test nan@2.3.5
143 silly decomposeActions finalize nan@2.3.5
144 silly decomposeActions fetch bcrypt@0.8.7
145 silly decomposeActions extract bcrypt@0.8.7
146 silly decomposeActions preinstall bcrypt@0.8.7
147 silly decomposeActions build bcrypt@0.8.7
148 silly decomposeActions install bcrypt@0.8.7
149 silly decomposeActions postinstall bcrypt@0.8.7
150 silly decomposeActions test bcrypt@0.8.7
151 silly decomposeActions finalize bcrypt@0.8.7
152 silly executeActions Starting
153 silly install executeActions
154 silly doSerial global-install 0
155 silly doParallel fetch 3
156 verbose lock using C:\Users\electrovese\AppData\Roaming\npm-cache\_locks\staging-a5d50feed6405b96.lock for C:\node\authtry\node_modules\.staging
157 silly doParallel extract 3
158 silly extract bindings
159 silly extract nan
160 silly extract bcrypt
161 verbose unbuild node_modules\.staging\bindings-6fed0161dab9da39cc663cef1ffbec61
162 verbose unbuild node_modules\.staging\nan-4a9e5b3bb5d8fb63e07f8cd3f7d1a6ab
163 verbose unbuild node_modules\.staging\bcrypt-f22b719a3cad8964834f259c84cbfb1a
164 silly gentlyRm C:\node\authtry\node_modules\.staging\bindings-6fed0161dab9da39cc663cef1ffbec61 is being purged from base C:\node\authtry
165 silly gentlyRm C:\node\authtry\node_modules\.staging\nan-4a9e5b3bb5d8fb63e07f8cd3f7d1a6ab is being purged from base C:\node\authtry
166 verbose gentlyRm don't care about contents; nuking C:\node\authtry\node_modules\.staging\bindings-6fed0161dab9da39cc663cef1ffbec61
167 silly gentlyRm C:\node\authtry\node_modules\.staging\bcrypt-f22b719a3cad8964834f259c84cbfb1a is being purged from base C:\node\authtry
168 verbose gentlyRm don't care about contents; nuking C:\node\authtry\node_modules\.staging\nan-4a9e5b3bb5d8fb63e07f8cd3f7d1a6ab
169 verbose tar unpack C:\Users\electrovese\AppData\Roaming\npm-cache\bindings\1.2.1\package.tgz
170 verbose tar unpacking to C:\node\authtry\node_modules\.staging\bindings-6fed0161dab9da39cc663cef1ffbec61
171 silly gentlyRm C:\node\authtry\node_modules\.staging\bindings-6fed0161dab9da39cc663cef1ffbec61 is being purged
172 verbose gentlyRm don't care about contents; nuking C:\node\authtry\node_modules\.staging\bcrypt-f22b719a3cad8964834f259c84cbfb1a
173 verbose tar unpack C:\Users\electrovese\AppData\Roaming\npm-cache\nan\2.3.5\package.tgz
174 verbose tar unpacking to C:\node\authtry\node_modules\.staging\nan-4a9e5b3bb5d8fb63e07f8cd3f7d1a6ab
175 silly gentlyRm C:\node\authtry\node_modules\.staging\nan-4a9e5b3bb5d8fb63e07f8cd3f7d1a6ab is being purged
176 verbose gentlyRm don't care about contents; nuking C:\node\authtry\node_modules\.staging\bindings-6fed0161dab9da39cc663cef1ffbec61
177 verbose tar unpack C:\Users\electrovese\AppData\Roaming\npm-cache\bcrypt\0.8.7\package.tgz
178 verbose tar unpacking to C:\node\authtry\node_modules\.staging\bcrypt-f22b719a3cad8964834f259c84cbfb1a
179 silly gentlyRm C:\node\authtry\node_modules\.staging\bcrypt-f22b719a3cad8964834f259c84cbfb1a is being purged
180 verbose gentlyRm don't care about contents; nuking C:\node\authtry\node_modules\.staging\nan-4a9e5b3bb5d8fb63e07f8cd3f7d1a6ab
181 silly gunzTarPerm modes [ '777', '666' ]
182 verbose gentlyRm don't care about contents; nuking C:\node\authtry\node_modules\.staging\bcrypt-f22b719a3cad8964834f259c84cbfb1a
183 silly gunzTarPerm modes [ '777', '666' ]
184 silly gunzTarPerm modes [ '777', '666' ]
185 silly gunzTarPerm extractEntry package.json
186 silly gunzTarPerm modified mode [ 'package.json', 420, 438 ]
187 silly gunzTarPerm extractEntry package.json
188 silly gunzTarPerm modified mode [ 'package.json', 436, 438 ]
189 silly gunzTarPerm extractEntry package.json
190 silly gunzTarPerm modified mode [ 'package.json', 420, 438 ]
191 silly gunzTarPerm extractEntry README.md
192 silly gunzTarPerm modified mode [ 'README.md', 420, 438 ]
193 silly gunzTarPerm extractEntry bindings.js
194 silly gunzTarPerm modified mode [ 'bindings.js', 420, 438 ]
195 silly gunzTarPerm extractEntry README.md
196 silly gunzTarPerm modified mode [ 'README.md', 436, 438 ]
197 silly gunzTarPerm extractEntry include_dirs.js
198 silly gunzTarPerm modified mode [ 'include_dirs.js', 436, 438 ]
199 silly gunzTarPerm extractEntry .npmignore
200 silly gunzTarPerm modified mode [ '.npmignore', 420, 438 ]
201 silly gunzTarPerm extractEntry README.md
202 silly gunzTarPerm modified mode [ 'README.md', 420, 438 ]
203 silly gunzTarPerm extractEntry nan_converters.h
204 silly gunzTarPerm modified mode [ 'nan_converters.h', 436, 438 ]
205 silly gunzTarPerm extractEntry LICENSE.md
206 silly gunzTarPerm modified mode [ 'LICENSE.md', 436, 438 ]
207 silly gunzTarPerm extractEntry doc/node_misc.md
208 silly gunzTarPerm modified mode [ 'doc/node_misc.md', 436, 438 ]
209 silly gunzTarPerm extractEntry doc/asyncworker.md
210 silly gunzTarPerm modified mode [ 'doc/asyncworker.md', 436, 438 ]
211 silly gunzTarPerm extractEntry LICENSE
212 silly gunzTarPerm modified mode [ 'LICENSE', 420, 438 ]
213 silly gunzTarPerm extractEntry bcrypt.js
214 silly gunzTarPerm modified mode [ 'bcrypt.js', 420, 438 ]
215 silly gunzTarPerm extractEntry Makefile
216 silly gunzTarPerm modified mode [ 'Makefile', 420, 438 ]
217 silly gunzTarPerm extractEntry .travis.yml
218 silly gunzTarPerm modified mode [ '.travis.yml', 420, 438 ]
219 silly gunzTarPerm extractEntry CHANGELOG.md
220 silly gunzTarPerm modified mode [ 'CHANGELOG.md', 420, 438 ]
221 silly gunzTarPerm extractEntry binding.gyp
222 silly gunzTarPerm modified mode [ 'binding.gyp', 420, 438 ]
223 silly gunzTarPerm extractEntry examples/async_compare.js
224 silly gunzTarPerm modified mode [ 'examples/async_compare.js', 420, 438 ]
225 silly gunzTarPerm extractEntry examples/forever_gen_salt.js
226 silly gunzTarPerm modified mode [ 'examples/forever_gen_salt.js', 420, 438 ]
227 silly gunzTarPerm extractEntry test/async.js
228 silly gunzTarPerm modified mode [ 'test/async.js', 420, 438 ]
229 silly gunzTarPerm extractEntry test/repetitions.js
230 silly gunzTarPerm modified mode [ 'test/repetitions.js', 420, 438 ]
231 silly gunzTarPerm extractEntry test/sync.js
232 silly gunzTarPerm modified mode [ 'test/sync.js', 420, 438 ]
233 silly gunzTarPerm extractEntry ISSUE_TEMPLATE.md
234 silly gunzTarPerm modified mode [ 'ISSUE_TEMPLATE.md', 420, 438 ]
235 silly gunzTarPerm extractEntry src/bcrypt.cc
236 silly gunzTarPerm modified mode [ 'src/bcrypt.cc', 420, 438 ]
237 silly gunzTarPerm extractEntry src/bcrypt_node.cc
238 silly gunzTarPerm modified mode [ 'src/bcrypt_node.cc', 420, 438 ]
239 silly gunzTarPerm extractEntry src/blowfish.cc
240 silly gunzTarPerm modified mode [ 'src/blowfish.cc', 420, 438 ]
241 silly gunzTarPerm extractEntry src/node_blf.h
242 silly gunzTarPerm modified mode [ 'src/node_blf.h', 420, 438 ]
243 silly gunzTarPerm extractEntry werker.yml
244 silly gunzTarPerm modified mode [ 'werker.yml', 420, 438 ]
245 silly gunzTarPerm extractEntry doc/callback.md
246 silly gunzTarPerm modified mode [ 'doc/callback.md', 436, 438 ]
247 silly gunzTarPerm extractEntry doc/converters.md
248 silly gunzTarPerm modified mode [ 'doc/converters.md', 436, 438 ]
249 silly gunzTarPerm extractEntry doc/errors.md
250 silly gunzTarPerm modified mode [ 'doc/errors.md', 436, 438 ]
251 silly gunzTarPerm extractEntry doc/maybe_types.md
252 silly gunzTarPerm modified mode [ 'doc/maybe_types.md', 436, 438 ]
253 silly gunzTarPerm extractEntry doc/methods.md
254 silly gunzTarPerm modified mode [ 'doc/methods.md', 436, 438 ]
255 silly gunzTarPerm extractEntry doc/new.md
256 silly gunzTarPerm modified mode [ 'doc/new.md', 436, 438 ]
257 silly gunzTarPerm extractEntry doc/buffers.md
258 silly gunzTarPerm modified mode [ 'doc/buffers.md', 436, 438 ]
259 silly gunzTarPerm extractEntry doc/object_wrappers.md
260 silly gunzTarPerm modified mode [ 'doc/object_wrappers.md', 436, 438 ]
261 silly gunzTarPerm extractEntry doc/persistent.md
262 silly gunzTarPerm modified mode [ 'doc/persistent.md', 436, 438 ]
263 silly gunzTarPerm extractEntry doc/scopes.md
264 silly gunzTarPerm modified mode [ 'doc/scopes.md', 436, 438 ]
265 silly gunzTarPerm extractEntry doc/script.md
266 silly gunzTarPerm modified mode [ 'doc/script.md', 436, 438 ]
267 silly gunzTarPerm extractEntry doc/string_bytes.md
268 silly gunzTarPerm modified mode [ 'doc/string_bytes.md', 436, 438 ]
269 silly gunzTarPerm extractEntry doc/v8_internals.md
270 silly gunzTarPerm modified mode [ 'doc/v8_internals.md', 436, 438 ]
271 silly gunzTarPerm extractEntry doc/v8_misc.md
272 silly gunzTarPerm modified mode [ 'doc/v8_misc.md', 436, 438 ]
273 silly gunzTarPerm extractEntry nan.h
274 silly gunzTarPerm modified mode [ 'nan.h', 436, 438 ]
275 silly gunzTarPerm extractEntry nan_callbacks.h
276 silly gunzTarPerm modified mode [ 'nan_callbacks.h', 436, 438 ]
277 silly gunzTarPerm extractEntry nan_callbacks_12_inl.h
278 silly gunzTarPerm modified mode [ 'nan_callbacks_12_inl.h', 436, 438 ]
279 silly gunzTarPerm extractEntry nan_callbacks_pre_12_inl.h
280 silly gunzTarPerm modified mode [ 'nan_callbacks_pre_12_inl.h', 436, 438 ]
281 silly gunzTarPerm extractEntry nan_converters_43_inl.h
282 silly gunzTarPerm modified mode [ 'nan_converters_43_inl.h', 436, 438 ]
283 silly gunzTarPerm extractEntry nan_converters_pre_43_inl.h
284 silly gunzTarPerm modified mode [ 'nan_converters_pre_43_inl.h', 436, 438 ]
285 silly gunzTarPerm extractEntry nan_implementation_12_inl.h
286 silly gunzTarPerm modified mode [ 'nan_implementation_12_inl.h', 436, 438 ]
287 silly gunzTarPerm extractEntry nan_implementation_pre_12_inl.h
288 silly gunzTarPerm modified mode [ 'nan_implementation_pre_12_inl.h', 436, 438 ]
289 silly gunzTarPerm extractEntry nan_maybe_43_inl.h
290 silly gunzTarPerm modified mode [ 'nan_maybe_43_inl.h', 436, 438 ]
291 silly gunzTarPerm extractEntry nan_maybe_pre_43_inl.h
292 silly gunzTarPerm modified mode [ 'nan_maybe_pre_43_inl.h', 436, 438 ]
293 silly gunzTarPerm extractEntry nan_new.h
294 silly gunzTarPerm modified mode [ 'nan_new.h', 436, 438 ]
295 silly gunzTarPerm extractEntry nan_object_wrap.h
296 silly gunzTarPerm modified mode [ 'nan_object_wrap.h', 436, 438 ]
297 silly gunzTarPerm extractEntry nan_persistent_12_inl.h
298 silly gunzTarPerm modified mode [ 'nan_persistent_12_inl.h', 436, 438 ]
299 silly gunzTarPerm extractEntry nan_persistent_pre_12_inl.h
300 silly gunzTarPerm modified mode [ 'nan_persistent_pre_12_inl.h', 436, 438 ]
301 silly gunzTarPerm extractEntry nan_string_bytes.h
302 silly gunzTarPerm modified mode [ 'nan_string_bytes.h', 436, 438 ]
303 silly gunzTarPerm extractEntry nan_typedarray_contents.h
304 silly gunzTarPerm modified mode [ 'nan_typedarray_contents.h', 436, 438 ]
305 silly gunzTarPerm extractEntry nan_weak.h
306 silly gunzTarPerm modified mode [ 'nan_weak.h', 436, 438 ]
307 silly gunzTarPerm extractEntry CHANGELOG.md
308 silly gunzTarPerm modified mode [ 'CHANGELOG.md', 436, 438 ]
309 silly gunzTarPerm extractEntry tools/package.json
310 silly gunzTarPerm modified mode [ 'tools/package.json', 436, 438 ]
311 silly gunzTarPerm extractEntry tools/README.md
312 silly gunzTarPerm modified mode [ 'tools/README.md', 436, 438 ]
313 silly gunzTarPerm extractEntry tools/1to2.js
314 silly gunzTarPerm modified mode [ 'tools/1to2.js', 509, 511 ]
315 silly doParallel preinstall 3
316 silly preinstall bindings C:\node\authtry\node_modules\.staging\bindings-6fed0161dab9da39cc663cef1ffbec61
317 info lifecycle bindings@1.2.1~preinstall: bindings@1.2.1
318 silly preinstall nan C:\node\authtry\node_modules\.staging\nan-4a9e5b3bb5d8fb63e07f8cd3f7d1a6ab
319 info lifecycle nan@2.3.5~preinstall: nan@2.3.5
320 silly preinstall bcrypt C:\node\authtry\node_modules\.staging\bcrypt-f22b719a3cad8964834f259c84cbfb1a
321 info lifecycle bcrypt@0.8.7~preinstall: bcrypt@0.8.7
322 silly lifecycle bindings@1.2.1~preinstall: no script for preinstall, continuing
323 silly lifecycle nan@2.3.5~preinstall: no script for preinstall, continuing
324 silly lifecycle bcrypt@0.8.7~preinstall: no script for preinstall, continuing
325 silly doReverseSerial remove 0
326 silly doSerial move 0
327 silly doSerial finalize 3
328 silly finalize C:\node\authtry\node_modules\bindings
329 silly finalize C:\node\authtry\node_modules\nan
330 silly finalize C:\node\authtry\node_modules\bcrypt
331 silly doSerial build 3
332 silly build bindings
333 info linkStuff bindings@1.2.1
334 silly linkStuff bindings@1.2.1 has C:\node\authtry\node_modules as its parent node_modules
335 verbose linkBins bindings@1.2.1
336 verbose linkMans bindings@1.2.1
337 verbose rebuildBundles bindings@1.2.1
338 silly build nan
339 info linkStuff nan@2.3.5
340 silly linkStuff nan@2.3.5 has C:\node\authtry\node_modules as its parent node_modules
341 verbose linkBins nan@2.3.5
342 verbose linkMans nan@2.3.5
343 verbose rebuildBundles nan@2.3.5
344 silly build bcrypt
345 info linkStuff bcrypt@0.8.7
346 silly linkStuff bcrypt@0.8.7 has C:\node\authtry\node_modules as its parent node_modules
347 verbose linkBins bcrypt@0.8.7
348 verbose linkMans bcrypt@0.8.7
349 verbose rebuildBundles bcrypt@0.8.7
350 silly doSerial global-link 0
351 silly doParallel update-linked 0
352 silly doSerial install 3
353 silly install bindings C:\node\authtry\node_modules\.staging\bindings-6fed0161dab9da39cc663cef1ffbec61
354 info lifecycle bindings@1.2.1~install: bindings@1.2.1
355 silly lifecycle bindings@1.2.1~install: no script for install, continuing
356 silly install nan C:\node\authtry\node_modules\.staging\nan-4a9e5b3bb5d8fb63e07f8cd3f7d1a6ab
357 info lifecycle nan@2.3.5~install: nan@2.3.5
358 silly lifecycle nan@2.3.5~install: no script for install, continuing
359 silly install bcrypt C:\node\authtry\node_modules\.staging\bcrypt-f22b719a3cad8964834f259c84cbfb1a
360 info lifecycle bcrypt@0.8.7~install: bcrypt@0.8.7
361 verbose lifecycle bcrypt@0.8.7~install: unsafe-perm in lifecycle true
362 verbose lifecycle bcrypt@0.8.7~install: PATH: C:\Program Files\nodejs\node_modules\npm\bin\node-gyp-bin;C:\node\authtry\node_modules\bcrypt\node_modules\.bin;C:\node\authtry\node_modules\.bin;C:\Users\electrovese\bin;C:\Program Files\Git\mingw64\bin;C:\Program Files\Git\usr\local\bin;C:\Program Files\Git\usr\bin;C:\Program Files\Git\usr\bin;C:\Program Files\Git\mingw64\bin;C:\Program Files\Git\usr\bin;C:\Users\electrovese\bin;C:\Windows\system32;C:\Windows;C:\Windows\System32\Wbem;C:\Windows\System32\WindowsPowerShell\v1.0;C:\xampp\php;C:\ProgramData\ComposerSetup\bin;C:\Program Files\Git\cmd;C:\Program Files\TortoiseSVN\bin;C:\Program Files\nodejs;C:\Program Files (x86)\Bitvise SSH Client;C:\Users\electrovese\AppData\Roaming\Composer\vendor\bin;C:\Users\electrovese\AppData\Roaming\npm;C:\Program Files\Git\usr\bin\vendor_perl;C:\Program Files\Git\usr\bin\core_perl
363 verbose lifecycle bcrypt@0.8.7~install: CWD: C:\node\authtry\node_modules\bcrypt
364 silly lifecycle bcrypt@0.8.7~install: Args: [ '/d /s /c', 'node-gyp rebuild' ]
365 silly lifecycle bcrypt@0.8.7~install: Returned: code: 1  signal: null
366 info lifecycle bcrypt@0.8.7~install: Failed to exec install script
367 verbose unlock done using C:\Users\electrovese\AppData\Roaming\npm-cache\_locks\staging-a5d50feed6405b96.lock for C:\node\authtry\node_modules\.staging
368 silly rollbackFailedOptional Starting
369 silly rollbackFailedOptional Finishing
370 silly runTopLevelLifecycles Starting
371 silly runTopLevelLifecycles Finishing
372 silly install printInstalled
373 verbose stack Error: bcrypt@0.8.7 install: `node-gyp rebuild`
373 verbose stack Exit status 1
373 verbose stack     at EventEmitter.<anonymous> (C:\Program Files\nodejs\node_modules\npm\lib\utils\lifecycle.js:233:16)
373 verbose stack     at emitTwo (events.js:87:13)
373 verbose stack     at EventEmitter.emit (events.js:172:7)
373 verbose stack     at ChildProcess.<anonymous> (C:\Program Files\nodejs\node_modules\npm\lib\utils\spawn.js:24:14)
373 verbose stack     at emitTwo (events.js:87:13)
373 verbose stack     at ChildProcess.emit (events.js:172:7)
373 verbose stack     at maybeClose (internal/child_process.js:818:16)
373 verbose stack     at Process.ChildProcess._handle.onexit (internal/child_process.js:211:5)
374 verbose pkgid bcrypt@0.8.7
375 verbose cwd C:\node\authtry
376 error Windows_NT 10.0.10586
377 error argv "C:\\Program Files\\nodejs\\node.exe" "C:\\Program Files\\nodejs\\node_modules\\npm\\bin\\npm-cli.js" "install" "bcrypt" "-save"
378 error node v5.0.0
379 error npm  v3.3.6
380 error code ELIFECYCLE
381 error bcrypt@0.8.7 install: `node-gyp rebuild`
381 error Exit status 1
382 error Failed at the bcrypt@0.8.7 install script 'node-gyp rebuild'.
382 error This is most likely a problem with the bcrypt package,
382 error not with npm itself.
382 error Tell the author that this fails on your system:
382 error     node-gyp rebuild
382 error You can get their info via:
382 error     npm owner ls bcrypt
382 error There is likely additional logging output above.
383 verbose exit [ 1, true ]
